<?xml version="1.0" encoding="UTF-8"?>
<testsuite name="com.test.Father" tests="1" skipped="0" failures="0" errors="0" timestamp="2016-09-28T05:03:05" hostname="pc-PC" time="0.003">
  <properties/>
  <testcase name="testx" classname="com.test.Father" time="0.003"/>
  <system-out><![CDATA[
]]></system-out>
  <system-err><![CDATA[]]></system-err>
</testsuite>
